app/mobile/android/app/build/intermediates/manifest_merge_blame_file/platformDebug/manifest-merger-blame-platform-debug-report.txt
1<?xml version="1.0" encoding="utf-8"?>
2<manifest xmlns:android="http://schemas.android.com/apk/res/android"
3    package="cloud.thesymphony"
4    android:versionCode="33"
5    android:versionName="debug 2020.11.18.10:04:52" >
6
7    <uses-sdk
8        android:minSdkVersion="21"
9        android:targetSdkVersion="29" />
10
11    <uses-permission android:name="android.permission.READ_PHONE_STATE" />
11-->src/platform/AndroidManifest.xml:5:5-75
11-->src/platform/AndroidManifest.xml:5:22-72
12
13    <!-- Could only be granted on rooted device, used for full cell scan -->
14    <uses-permission android:name="android.permission.MODIFY_PHONE_STATE" />
14-->src/platform/AndroidManifest.xml:8:5-10:46
14-->src/platform/AndroidManifest.xml:9:9-61
15    <uses-permission android:name="android.permission.INTERNET" />
15-->src/main/AndroidManifest.xml:6:5-67
15-->src/main/AndroidManifest.xml:6:22-64
16    <uses-permission android:name="android.permission.CAMERA" />
16-->src/main/AndroidManifest.xml:7:5-65
16-->src/main/AndroidManifest.xml:7:22-62
17    <uses-permission android:name="android.permission.SYSTEM_ALERT_WINDOW" />
17-->src/main/AndroidManifest.xml:8:5-78
17-->src/main/AndroidManifest.xml:8:22-75
18    <uses-permission android:name="android.permission.ACCESS_FINE_LOCATION" />
18-->src/main/AndroidManifest.xml:9:5-79
18-->src/main/AndroidManifest.xml:9:22-76
19    <uses-permission android:name="android.permission.ACCESS_COARSE_LOCATION" />
19-->src/main/AndroidManifest.xml:10:5-81
19-->src/main/AndroidManifest.xml:10:22-78
20    <uses-permission android:name="android.permission.ACCESS_WIFI_STATE" />
20-->src/main/AndroidManifest.xml:11:5-76
20-->src/main/AndroidManifest.xml:11:22-73
21    <uses-permission android:name="android.permission.WRITE_EXTERNAL_STORAGE" /> <!-- Explicitly defining features requested by third party libraries -->
21-->src/main/AndroidManifest.xml:12:5-81
21-->src/main/AndroidManifest.xml:12:22-78
22    <uses-feature
22-->src/main/AndroidManifest.xml:15:5-88
23        android:name="android.hardware.bluetooth"
23-->src/main/AndroidManifest.xml:15:19-60
24        android:required="false" />
24-->src/main/AndroidManifest.xml:15:61-85
25    <uses-feature
25-->src/main/AndroidManifest.xml:16:5-88
26        android:name="android.hardware.faketouch"
26-->src/main/AndroidManifest.xml:16:19-60
27        android:required="false" />
27-->src/main/AndroidManifest.xml:16:61-85
28    <uses-feature
28-->src/main/AndroidManifest.xml:17:5-87
29        android:name="android.hardware.location"
29-->src/main/AndroidManifest.xml:17:19-59
30        android:required="false" />
30-->src/main/AndroidManifest.xml:17:60-84
31    <uses-feature
31-->src/main/AndroidManifest.xml:18:5-88
32        android:name="android.hardware.telephony"
32-->src/main/AndroidManifest.xml:18:19-60
33        android:required="false" />
33-->src/main/AndroidManifest.xml:18:61-85
34
35    <uses-permission android:name="android.permission.ACCESS_NETWORK_STATE" />
35-->[:react-native-community_netinfo] AndroidManifest.xml:9:5-79
35-->[:react-native-community_netinfo] AndroidManifest.xml:9:22-76
36
37    <uses-feature
37-->[:react-native-camera] AndroidManifest.xml:11:5-13:36
38        android:name="android.hardware.camera"
38-->[:react-native-camera] AndroidManifest.xml:12:9-47
39        android:required="false" />
39-->[:react-native-camera] AndroidManifest.xml:13:9-33
40    <uses-feature
40-->[:react-native-camera] AndroidManifest.xml:14:5-16:36
41        android:name="android.hardware.camera.autofocus"
41-->[:react-native-camera] AndroidManifest.xml:15:9-57
42        android:required="false" />
42-->[:react-native-camera] AndroidManifest.xml:16:9-33
43
44    <uses-permission android:name="android.permission.USE_BIOMETRIC" />
44-->[:react-native-keychain] AndroidManifest.xml:11:5-72
44-->[:react-native-keychain] AndroidManifest.xml:11:22-69
45    <uses-permission android:name="android.permission.USE_FINGERPRINT" />
45-->[:react-native-keychain] AndroidManifest.xml:12:5-74
45-->[:react-native-keychain] AndroidManifest.xml:12:22-71
46    <uses-permission android:name="android.permission.CHANGE_NETWORK_STATE" />
46-->[:react-native-tcp-socket] AndroidManifest.xml:11:5-79
46-->[:react-native-tcp-socket] AndroidManifest.xml:11:22-76
47
48    <uses-feature
48-->[com.mapbox.mapboxsdk:mapbox-android-sdk:9.0.0] AndroidManifest.xml:9:5-11:35
49        android:glEsVersion="0x00020000"
49-->[com.mapbox.mapboxsdk:mapbox-android-sdk:9.0.0] AndroidManifest.xml:10:9-41
50        android:required="true" />
50-->[com.mapbox.mapboxsdk:mapbox-android-sdk:9.0.0] AndroidManifest.xml:11:9-32
51    <uses-feature
51-->[com.mapbox.mapboxsdk:mapbox-android-sdk:9.0.0] AndroidManifest.xml:12:5-14:36
52        android:name="android.hardware.wifi"
52-->[com.mapbox.mapboxsdk:mapbox-android-sdk:9.0.0] AndroidManifest.xml:13:9-45
53        android:required="false" /> <!-- Required for CrashReporterJobIntentService on API levels below 25 -->
53-->[com.mapbox.mapboxsdk:mapbox-android-sdk:9.0.0] AndroidManifest.xml:14:9-33
54    <uses-permission android:name="android.permission.WAKE_LOCK" /> <!-- Required by older versions of Google Play services to create IID tokens -->
54-->[com.mapbox.mapboxsdk:mapbox-android-telemetry:4.7.1] AndroidManifest.xml:12:5-68
54-->[com.mapbox.mapboxsdk:mapbox-android-telemetry:4.7.1] AndroidManifest.xml:12:22-65
55    <uses-permission android:name="com.google.android.c2dm.permission.RECEIVE" />
55-->[com.google.android.gms:play-services-iid:17.0.0] AndroidManifest.xml:23:5-82
55-->[com.google.android.gms:play-services-iid:17.0.0] AndroidManifest.xml:23:22-79
56    <uses-permission android:name="com.google.android.finsky.permission.BIND_GET_INSTALL_REFERRER_SERVICE" /> <!-- for android -->
56-->[com.android.installreferrer:installreferrer:1.1.2] AndroidManifest.xml:9:5-110
56-->[com.android.installreferrer:installreferrer:1.1.2] AndroidManifest.xml:9:22-107
57    <!-- <uses-permission android:name="com.android.launcher.permission.READ_SETTINGS"/> -->
58    <!-- <uses-permission android:name="com.android.launcher.permission.WRITE_SETTINGS"/> -->
59    <!-- <uses-permission android:name="com.android.launcher.permission.INSTALL_SHORTCUT" /> -->
60    <!-- <uses-permission android:name="com.android.launcher.permission.UNINSTALL_SHORTCUT" /> -->
61    <!-- for Samsung -->
62    <uses-permission android:name="com.sec.android.provider.badge.permission.READ" />
62-->[me.leolin:ShortcutBadger:1.1.22] AndroidManifest.xml:19:5-86
62-->[me.leolin:ShortcutBadger:1.1.22] AndroidManifest.xml:19:22-83
63    <uses-permission android:name="com.sec.android.provider.badge.permission.WRITE" /> <!-- for htc -->
63-->[me.leolin:ShortcutBadger:1.1.22] AndroidManifest.xml:20:5-87
63-->[me.leolin:ShortcutBadger:1.1.22] AndroidManifest.xml:20:22-84
64    <uses-permission android:name="com.htc.launcher.permission.READ_SETTINGS" />
64-->[me.leolin:ShortcutBadger:1.1.22] AndroidManifest.xml:23:5-81
64-->[me.leolin:ShortcutBadger:1.1.22] AndroidManifest.xml:23:22-78
65    <uses-permission android:name="com.htc.launcher.permission.UPDATE_SHORTCUT" /> <!-- for sony -->
65-->[me.leolin:ShortcutBadger:1.1.22] AndroidManifest.xml:24:5-83
65-->[me.leolin:ShortcutBadger:1.1.22] AndroidManifest.xml:24:22-80
66    <uses-permission android:name="com.sonyericsson.home.permission.BROADCAST_BADGE" />
66-->[me.leolin:ShortcutBadger:1.1.22] AndroidManifest.xml:27:5-88
66-->[me.leolin:ShortcutBadger:1.1.22] AndroidManifest.xml:27:22-85
67    <uses-permission android:name="com.sonymobile.home.permission.PROVIDER_INSERT_BADGE" /> <!-- for apex -->
67-->[me.leolin:ShortcutBadger:1.1.22] AndroidManifest.xml:28:5-92
67-->[me.leolin:ShortcutBadger:1.1.22] AndroidManifest.xml:28:22-89
68    <uses-permission android:name="com.anddoes.launcher.permission.UPDATE_COUNT" /> <!-- for solid -->
68-->[me.leolin:ShortcutBadger:1.1.22] AndroidManifest.xml:31:5-84
68-->[me.leolin:ShortcutBadger:1.1.22] AndroidManifest.xml:31:22-81
69    <uses-permission android:name="com.majeur.launcher.permission.UPDATE_BADGE" /> <!-- for huawei -->
69-->[me.leolin:ShortcutBadger:1.1.22] AndroidManifest.xml:34:5-83
69-->[me.leolin:ShortcutBadger:1.1.22] AndroidManifest.xml:34:22-80
70    <uses-permission android:name="com.huawei.android.launcher.permission.CHANGE_BADGE" />
70-->[me.leolin:ShortcutBadger:1.1.22] AndroidManifest.xml:37:5-91
70-->[me.leolin:ShortcutBadger:1.1.22] AndroidManifest.xml:37:22-88
71    <uses-permission android:name="com.huawei.android.launcher.permission.READ_SETTINGS" />
71-->[me.leolin:ShortcutBadger:1.1.22] AndroidManifest.xml:38:5-92
71-->[me.leolin:ShortcutBadger:1.1.22] AndroidManifest.xml:38:22-89
72    <uses-permission android:name="com.huawei.android.launcher.permission.WRITE_SETTINGS" /> <!-- for ZUK -->
72-->[me.leolin:ShortcutBadger:1.1.22] AndroidManifest.xml:39:5-93
72-->[me.leolin:ShortcutBadger:1.1.22] AndroidManifest.xml:39:22-90
73    <uses-permission android:name="android.permission.READ_APP_BADGE" /> <!-- for OPPO -->
73-->[me.leolin:ShortcutBadger:1.1.22] AndroidManifest.xml:42:5-73
73-->[me.leolin:ShortcutBadger:1.1.22] AndroidManifest.xml:42:22-70
74    <uses-permission android:name="com.oppo.launcher.permission.READ_SETTINGS" />
74-->[me.leolin:ShortcutBadger:1.1.22] AndroidManifest.xml:45:5-82
74-->[me.leolin:ShortcutBadger:1.1.22] AndroidManifest.xml:45:22-79
75    <uses-permission android:name="com.oppo.launcher.permission.WRITE_SETTINGS" /> <!-- for EvMe -->
75-->[me.leolin:ShortcutBadger:1.1.22] AndroidManifest.xml:46:5-83
75-->[me.leolin:ShortcutBadger:1.1.22] AndroidManifest.xml:46:22-80
76    <uses-permission android:name="me.everything.badger.permission.BADGE_COUNT_READ" />
76-->[me.leolin:ShortcutBadger:1.1.22] AndroidManifest.xml:49:5-88
76-->[me.leolin:ShortcutBadger:1.1.22] AndroidManifest.xml:49:22-85
77    <uses-permission android:name="me.everything.badger.permission.BADGE_COUNT_WRITE" />
77-->[me.leolin:ShortcutBadger:1.1.22] AndroidManifest.xml:50:5-89
77-->[me.leolin:ShortcutBadger:1.1.22] AndroidManifest.xml:50:22-86
78
79    <application
79-->src/main/AndroidManifest.xml:20:5-47:17
80        android:name="com.fbc.MainApplication"
80-->src/main/AndroidManifest.xml:21:7-38
81        android:allowBackup="false"
81-->src/main/AndroidManifest.xml:25:7-34
82        android:appComponentFactory="androidx.core.app.CoreComponentFactory"
82-->[androidx.core:core:1.5.0-alpha05] AndroidManifest.xml:24:18-86
83        android:debuggable="true"
84        android:icon="@mipmap/ic_launcher"
84-->src/main/AndroidManifest.xml:23:7-41
85        android:label="@string/app_name"
85-->src/main/AndroidManifest.xml:22:7-39
86        android:networkSecurityConfig="@xml/network_security_config"
86-->src/main/AndroidManifest.xml:27:7-67
87        android:requestLegacyExternalStorage="true"
87-->src/main/AndroidManifest.xml:28:7-50
88        android:roundIcon="@mipmap/ic_launcher_round"
88-->src/main/AndroidManifest.xml:24:7-52
89        android:supportsRtl="true"
89-->[:react-native-spinkit] AndroidManifest.xml:11:9-35
90        android:theme="@style/AppTheme" >
90-->src/main/AndroidManifest.xml:26:7-38
91        <activity
91-->src/main/AndroidManifest.xml:29:7-40:18
92            android:name="com.fbc.MainActivity"
92-->src/main/AndroidManifest.xml:30:9-37
93            android:configChanges="keyboard|keyboardHidden|orientation|screenSize|screenLayout|layoutDirection|locale|uiMode"
93-->src/main/AndroidManifest.xml:33:9-122
94            android:label="@string/app_name"
94-->src/main/AndroidManifest.xml:31:9-41
95            android:launchMode="singleTask"
95-->src/main/AndroidManifest.xml:34:9-40
96            android:screenOrientation="portrait"
96-->src/main/AndroidManifest.xml:32:9-45
97            android:windowSoftInputMode="adjustResize" >
97-->src/main/AndroidManifest.xml:35:9-51
98            <intent-filter>
98-->src/main/AndroidManifest.xml:36:9-39:25
99                <action android:name="android.intent.action.MAIN" />
99-->src/main/AndroidManifest.xml:37:13-65
99-->src/main/AndroidManifest.xml:37:21-62
100
101                <category android:name="android.intent.category.LAUNCHER" />
101-->src/main/AndroidManifest.xml:38:13-73
101-->src/main/AndroidManifest.xml:38:23-70
102            </intent-filter>
103        </activity>
104        <activity android:name="com.facebook.react.devsupport.DevSettingsActivity" />
104-->src/main/AndroidManifest.xml:41:5-82
104-->src/main/AndroidManifest.xml:41:15-79
105
106        <meta-data
106-->src/main/AndroidManifest.xml:42:5-43:68
107            android:name="com.google.android.gms.version"
107-->src/main/AndroidManifest.xml:42:16-61
108            android:value="@integer/google_play_services_version" />
108-->src/main/AndroidManifest.xml:43:12-65
109
110        <activity
110-->src/main/AndroidManifest.xml:44:5-45:37
111            android:name="com.facebook.flipper.android.diagnostics.FlipperDiagnosticActivity"
111-->src/main/AndroidManifest.xml:44:15-96
112            android:exported="true" />
112-->src/main/AndroidManifest.xml:45:12-35
113
114        <receiver
114-->[:react-native-device-info] AndroidManifest.xml:13:9-21:20
115            android:name="com.learnium.RNDeviceInfo.RNDeviceReceiver"
115-->[:react-native-device-info] AndroidManifest.xml:14:13-70
116            android:enabled="true"
116-->[:react-native-device-info] AndroidManifest.xml:15:13-35
117            android:exported="true" >
117-->[:react-native-device-info] AndroidManifest.xml:16:13-36
118            <intent-filter>
118-->[:react-native-device-info] AndroidManifest.xml:18:13-20:29
119                <action android:name="com.android.vending.INSTALL_REFERRER" />
119-->[:react-native-device-info] AndroidManifest.xml:19:17-79
119-->[:react-native-device-info] AndroidManifest.xml:19:25-76
120            </intent-filter>
121        </receiver>
122
123        <provider
123-->[:react-native-image-crop-picker] AndroidManifest.xml:13:9-21:20
124            android:name="androidx.core.content.FileProvider"
124-->[:react-native-image-crop-picker] AndroidManifest.xml:14:13-62
125            android:authorities="cloud.thesymphony.provider"
125-->[:react-native-image-crop-picker] AndroidManifest.xml:15:13-60
126            android:exported="false"
126-->[:react-native-image-crop-picker] AndroidManifest.xml:16:13-37
127            android:grantUriPermissions="true" >
127-->[:react-native-image-crop-picker] AndroidManifest.xml:17:13-47
128            <meta-data
128-->[:react-native-image-crop-picker] AndroidManifest.xml:18:13-20:58
129                android:name="android.support.FILE_PROVIDER_PATHS"
129-->[:react-native-image-crop-picker] AndroidManifest.xml:19:17-67
130                android:resource="@xml/provider_paths" />
130-->[:react-native-image-crop-picker] AndroidManifest.xml:20:17-55
131        </provider>
132
133        <activity
133-->[:react-native-image-crop-picker] AndroidManifest.xml:23:9-25:72
134            android:name="com.yalantis.ucrop.UCropActivity"
134-->[:react-native-image-crop-picker] AndroidManifest.xml:24:13-60
135            android:theme="@style/Theme.AppCompat.Light.NoActionBar" /> <!-- suppress AndroidDomInspection -->
135-->[:react-native-image-crop-picker] AndroidManifest.xml:25:13-69
136        <activity
136-->[:react-native-keychain] AndroidManifest.xml:17:9-20:67
137            android:name="androidx.biometric.DeviceCredentialHandlerActivity"
137-->[:react-native-keychain] AndroidManifest.xml:18:13-78
138            android:exported="true"
138-->[:react-native-keychain] AndroidManifest.xml:19:13-36
139            android:theme="@style/DeviceCredentialHandlerTheme" />
139-->[:react-native-keychain] AndroidManifest.xml:20:13-64
140
141        <provider
141-->[:react-native-share] AndroidManifest.xml:12:9-20:20
142            android:name="cl.json.RNShareFileProvider"
142-->[:react-native-share] AndroidManifest.xml:13:13-55
143            android:authorities="cloud.thesymphony.rnshare.fileprovider"
143-->[:react-native-share] AndroidManifest.xml:14:13-72
144            android:exported="false"
144-->[:react-native-share] AndroidManifest.xml:15:13-37
145            android:grantUriPermissions="true" >
145-->[:react-native-share] AndroidManifest.xml:16:13-47
146            <meta-data
146-->[:react-native-image-crop-picker] AndroidManifest.xml:18:13-20:58
147                android:name="android.support.FILE_PROVIDER_PATHS"
147-->[:react-native-image-crop-picker] AndroidManifest.xml:19:17-67
148                android:resource="@xml/share_download_paths" />
148-->[:react-native-image-crop-picker] AndroidManifest.xml:20:17-55
149        </provider>
150        <provider
150-->[com.mapbox.mapboxsdk:mapbox-android-telemetry:4.7.1] AndroidManifest.xml:18:9-22:39
151            android:name="com.mapbox.android.telemetry.provider.MapboxTelemetryInitProvider"
151-->[com.mapbox.mapboxsdk:mapbox-android-telemetry:4.7.1] AndroidManifest.xml:19:13-93
152            android:authorities="cloud.thesymphony.mapboxtelemetryinitprovider"
152-->[com.mapbox.mapboxsdk:mapbox-android-telemetry:4.7.1] AndroidManifest.xml:20:13-79
153            android:exported="false"
153-->[com.mapbox.mapboxsdk:mapbox-android-telemetry:4.7.1] AndroidManifest.xml:21:13-37
154            android:initOrder="100" />
154-->[com.mapbox.mapboxsdk:mapbox-android-telemetry:4.7.1] AndroidManifest.xml:22:13-36
155
156        <service
156-->[com.mapbox.mapboxsdk:mapbox-android-telemetry:4.7.1] AndroidManifest.xml:24:9-26:72
157            android:name="com.mapbox.android.telemetry.crash.CrashReporterJobIntentService"
157-->[com.mapbox.mapboxsdk:mapbox-android-telemetry:4.7.1] AndroidManifest.xml:25:13-92
158            android:permission="android.permission.BIND_JOB_SERVICE" />
158-->[com.mapbox.mapboxsdk:mapbox-android-telemetry:4.7.1] AndroidManifest.xml:26:13-69
159        <!--
160             FirebaseMessagingService performs security checks at runtime,
161             but set to not exported to explicitly avoid allowing another app to call it.
162        -->
163        <service
163-->[com.google.firebase:firebase-messaging:21.0.0] AndroidManifest.xml:28:9-35:19
164            android:name="com.google.firebase.messaging.FirebaseMessagingService"
164-->[com.google.firebase:firebase-messaging:21.0.0] AndroidManifest.xml:29:13-82
165            android:directBootAware="true"
165-->[com.google.firebase:firebase-messaging:21.0.0] AndroidManifest.xml:30:13-43
166            android:exported="false" >
166-->[com.google.firebase:firebase-messaging:21.0.0] AndroidManifest.xml:31:13-37
167            <intent-filter android:priority="-500" >
167-->[com.google.firebase:firebase-messaging:21.0.0] AndroidManifest.xml:32:13-34:29
167-->[com.google.firebase:firebase-messaging:21.0.0] AndroidManifest.xml:32:28-51
168                <action android:name="com.google.firebase.MESSAGING_EVENT" />
168-->[com.google.firebase:firebase-messaging:21.0.0] AndroidManifest.xml:33:17-78
168-->[com.google.firebase:firebase-messaging:21.0.0] AndroidManifest.xml:33:25-75
169            </intent-filter>
170        </service>
171        <service
171-->[com.google.firebase:firebase-messaging:21.0.0] AndroidManifest.xml:36:9-42:19
172            android:name="com.google.firebase.components.ComponentDiscoveryService"
172-->[com.google.firebase:firebase-messaging:21.0.0] AndroidManifest.xml:37:13-84
173            android:directBootAware="true"
173-->[com.google.firebase:firebase-common:19.3.0] AndroidManifest.xml:34:13-43
174            android:exported="false" >
174-->[com.google.firebase:firebase-messaging:21.0.0] AndroidManifest.xml:38:13-37
175            <meta-data
175-->[com.google.firebase:firebase-messaging:21.0.0] AndroidManifest.xml:39:13-41:85
176                android:name="com.google.firebase.components:com.google.firebase.messaging.FirebaseMessagingRegistrar"
176-->[com.google.firebase:firebase-messaging:21.0.0] AndroidManifest.xml:40:17-119
177                android:value="com.google.firebase.components.ComponentRegistrar" />
177-->[com.google.firebase:firebase-messaging:21.0.0] AndroidManifest.xml:41:17-82
178            <meta-data
178-->[com.google.firebase:firebase-datatransport:17.0.3] AndroidManifest.xml:28:13-30:85
179                android:name="com.google.firebase.components:com.google.firebase.datatransport.TransportRegistrar"
179-->[com.google.firebase:firebase-datatransport:17.0.3] AndroidManifest.xml:29:17-115
180                android:value="com.google.firebase.components.ComponentRegistrar" />
180-->[com.google.firebase:firebase-datatransport:17.0.3] AndroidManifest.xml:30:17-82
181            <meta-data
181-->[com.google.firebase:firebase-iid:21.0.0] AndroidManifest.xml:32:13-34:85
182                android:name="com.google.firebase.components:com.google.firebase.iid.Registrar"
182-->[com.google.firebase:firebase-iid:21.0.0] AndroidManifest.xml:33:17-96
183                android:value="com.google.firebase.components.ComponentRegistrar" />
183-->[com.google.firebase:firebase-iid:21.0.0] AndroidManifest.xml:34:17-82
184            <meta-data
184-->[com.google.firebase:firebase-installations:16.3.3] AndroidManifest.xml:17:13-19:85
185                android:name="com.google.firebase.components:com.google.firebase.installations.FirebaseInstallationsRegistrar"
185-->[com.google.firebase:firebase-installations:16.3.3] AndroidManifest.xml:18:17-127
186                android:value="com.google.firebase.components.ComponentRegistrar" />
186-->[com.google.firebase:firebase-installations:16.3.3] AndroidManifest.xml:19:17-82
187        </service>
188        <service
188-->[com.google.android.datatransport:transport-backend-cct:2.2.0] AndroidManifest.xml:29:9-35:19
189            android:name="com.google.android.datatransport.runtime.backends.TransportBackendDiscovery"
189-->[com.google.android.datatransport:transport-backend-cct:2.2.0] AndroidManifest.xml:30:13-103
190            android:exported="false" >
190-->[com.google.android.datatransport:transport-backend-cct:2.2.0] AndroidManifest.xml:31:13-37
191            <meta-data
191-->[com.google.android.datatransport:transport-backend-cct:2.2.0] AndroidManifest.xml:32:13-34:39
192                android:name="backend:com.google.android.datatransport.cct.CctBackendFactory"
192-->[com.google.android.datatransport:transport-backend-cct:2.2.0] AndroidManifest.xml:33:17-94
193                android:value="cct" />
193-->[com.google.android.datatransport:transport-backend-cct:2.2.0] AndroidManifest.xml:34:17-36
194        </service>
195        <service
195-->[com.google.android.datatransport:transport-runtime:2.2.0] AndroidManifest.xml:26:9-30:19
196            android:name="com.google.android.datatransport.runtime.scheduling.jobscheduling.JobInfoSchedulerService"
196-->[com.google.android.datatransport:transport-runtime:2.2.0] AndroidManifest.xml:27:13-117
197            android:exported="false"
197-->[com.google.android.datatransport:transport-runtime:2.2.0] AndroidManifest.xml:28:13-37
198            android:permission="android.permission.BIND_JOB_SERVICE" >
198-->[com.google.android.datatransport:transport-runtime:2.2.0] AndroidManifest.xml:29:13-69
199        </service>
200
201        <receiver
201-->[com.google.android.datatransport:transport-runtime:2.2.0] AndroidManifest.xml:32:9-34:40
202            android:name="com.google.android.datatransport.runtime.scheduling.jobscheduling.AlarmManagerSchedulerBroadcastReceiver"
202-->[com.google.android.datatransport:transport-runtime:2.2.0] AndroidManifest.xml:33:13-132
203            android:exported="false" />
203-->[com.google.android.datatransport:transport-runtime:2.2.0] AndroidManifest.xml:34:13-37
204        <receiver
204-->[com.google.firebase:firebase-iid:21.0.0] AndroidManifest.xml:37:9-44:20
205            android:name="com.google.firebase.iid.FirebaseInstanceIdReceiver"
205-->[com.google.firebase:firebase-iid:21.0.0] AndroidManifest.xml:38:13-78
206            android:exported="true"
206-->[com.google.firebase:firebase-iid:21.0.0] AndroidManifest.xml:39:13-36
207            android:permission="com.google.android.c2dm.permission.SEND" >
207-->[com.google.firebase:firebase-iid:21.0.0] AndroidManifest.xml:40:13-73
208            <intent-filter>
208-->[com.google.firebase:firebase-iid:21.0.0] AndroidManifest.xml:41:13-43:29
209                <action android:name="com.google.android.c2dm.intent.RECEIVE" />
209-->[com.google.firebase:firebase-iid:21.0.0] AndroidManifest.xml:42:17-81
209-->[com.google.firebase:firebase-iid:21.0.0] AndroidManifest.xml:42:25-78
210            </intent-filter>
211        </receiver>
212
213        <activity
213-->[com.google.android.gms:play-services-base:17.0.0] AndroidManifest.xml:23:9-26:75
214            android:name="com.google.android.gms.common.api.GoogleApiActivity"
214-->[com.google.android.gms:play-services-base:17.0.0] AndroidManifest.xml:24:13-79
215            android:exported="false"
215-->[com.google.android.gms:play-services-base:17.0.0] AndroidManifest.xml:25:13-37
216            android:theme="@android:style/Theme.Translucent.NoTitleBar" />
216-->[com.google.android.gms:play-services-base:17.0.0] AndroidManifest.xml:26:13-72
217
218        <provider
218-->[com.google.firebase:firebase-common:19.3.0] AndroidManifest.xml:26:9-30:39
219            android:name="com.google.firebase.provider.FirebaseInitProvider"
219-->[com.google.firebase:firebase-common:19.3.0] AndroidManifest.xml:27:13-77
220            android:authorities="cloud.thesymphony.firebaseinitprovider"
220-->[com.google.firebase:firebase-common:19.3.0] AndroidManifest.xml:28:13-72
221            android:exported="false"
221-->[com.google.firebase:firebase-common:19.3.0] AndroidManifest.xml:29:13-37
222            android:initOrder="100" />
222-->[com.google.firebase:firebase-common:19.3.0] AndroidManifest.xml:30:13-36
223    </application>
224
225</manifest>